{
  "RSpec": {
    "coverage": {
      "/Users/osw/projects/ruby/luhn-algorithm/lib/credit_card.rb": [
        1,
        1,
        1,
        1,
        null,
        1,
        1,
        null,
        1,
        3,
        3,
        2,
        null,
        2,
        null,
        null,
        null,
        1,
        28,
        null,
        null,
        1,
        15,
        null,
        null,
        1,
        18,
        null,
        null,
        1,
        12,
        null,
        null
      ],
      "/Users/osw/projects/ruby/luhn-algorithm/lib/credit_card/number_cleaner.rb": [
        1,
        null,
        1,
        1,
        28,
        null,
        null
      ],
      "/Users/osw/projects/ruby/luhn-algorithm/lib/credit_card/text_file_printer.rb": [
        1,
        1,
        null,
        1,
        1,
        null,
        10,
        3,
        null,
        null
      ],
      "/Users/osw/projects/ruby/luhn-algorithm/lib/credit_card/pretty_printer.rb": [
        1,
        1,
        10,
        null,
        null
      ],
      "/Users/osw/projects/ruby/luhn-algorithm/lib/credit_card/type_finder.rb": [
        1,
        1,
        null,
        null,
        1,
        null,
        null,
        null,
        1,
        15,
        null,
        94,
        47,
        null,
        null,
        4,
        null,
        null
      ],
      "/Users/osw/projects/ruby/luhn-algorithm/lib/credit_card/luhn_validator.rb": [
        1,
        1,
        18,
        null,
        null,
        1,
        18,
        null,
        null,
        1,
        null,
        1,
        null,
        604,
        18,
        null,
        null
      ]
    },
    "timestamp": 1424396363
  }
}
